Started GET "/" for 127.0.0.1 at 2018-10-02 19:09:06 +0900
Processing by Rails::WelcomeController#index as HTML
  Rendering /Users/hiwillowz/.rbenv/versions/2.5.1/lib/ruby/gems/2.5.0/gems/railties-5.2.1/lib/rails/templates/rails/welcome/index.html.erb
  Rendered /Users/hiwillowz/.rbenv/versions/2.5.1/lib/ruby/gems/2.5.0/gems/railties-5.2.1/lib/rails/templates/rails/welcome/index.html.erb (3.5ms)
Completed 200 OK in 30ms (Views: 12.5ms | ActiveRecord: 0.0ms)


Started GET "/" for 127.0.0.1 at 2018-10-02 19:09:12 +0900
Processing by Rails::WelcomeController#index as HTML
  Rendering /Users/hiwillowz/.rbenv/versions/2.5.1/lib/ruby/gems/2.5.0/gems/railties-5.2.1/lib/rails/templates/rails/welcome/index.html.erb
  Rendered /Users/hiwillowz/.rbenv/versions/2.5.1/lib/ruby/gems/2.5.0/gems/railties-5.2.1/lib/rails/templates/rails/welcome/index.html.erb (2.6ms)
Completed 200 OK in 13ms (Views: 7.7ms | ActiveRecord: 0.0ms)


Started GET "/" for 127.0.0.1 at 2018-10-02 19:14:45 +0900
Processing by Rails::WelcomeController#index as HTML
  Rendering /Users/hiwillowz/.rbenv/versions/2.5.1/lib/ruby/gems/2.5.0/gems/railties-5.2.1/lib/rails/templates/rails/welcome/index.html.erb
  Rendered /Users/hiwillowz/.rbenv/versions/2.5.1/lib/ruby/gems/2.5.0/gems/railties-5.2.1/lib/rails/templates/rails/welcome/index.html.erb (2.4ms)
Completed 200 OK in 15ms (Views: 6.2ms | ActiveRecord: 0.0ms)


Started GET "/" for 127.0.0.1 at 2018-10-02 19:14:50 +0900
Processing by Rails::WelcomeController#index as HTML
  Rendering /Users/hiwillowz/.rbenv/versions/2.5.1/lib/ruby/gems/2.5.0/gems/railties-5.2.1/lib/rails/templates/rails/welcome/index.html.erb
  Rendered /Users/hiwillowz/.rbenv/versions/2.5.1/lib/ruby/gems/2.5.0/gems/railties-5.2.1/lib/rails/templates/rails/welcome/index.html.erb (4.3ms)
Completed 200 OK in 15ms (Views: 10.2ms | ActiveRecord: 0.0ms)


Started GET "/users" for 127.0.0.1 at 2018-10-02 19:14:55 +0900
Processing by UsersController#index as HTML
  Rendering users/index.html.erb within layouts/application
  Rendered users/index.html.erb within layouts/application (0.3ms)
Completed 200 OK in 339ms (Views: 336.6ms | ActiveRecord: 0.0ms)


  [1m[35m (0.1ms)[0m  [1m[34mSELECT sqlite_version(*)[0m
  ↳ /Users/hiwillowz/.rbenv/versions/2.5.1/bin/rake:23
  [1m[35m (1.1ms)[0m  [1m[35mCREATE TABLE "schema_migrations" ("version" varchar NOT NULL PRIMARY KEY)[0m
  ↳ /Users/hiwillowz/.rbenv/versions/2.5.1/bin/rake:23
  [1m[35m (1.1ms)[0m  [1m[35mCREATE TABLE "ar_internal_metadata" ("key" varchar NOT NULL PRIMARY KEY, "value" varchar, "created_at" datetime NOT NULL, "updated_at" datetime NOT NULL)[0m
  ↳ /Users/hiwillowz/.rbenv/versions/2.5.1/bin/rake:23
  [1m[35m (0.2ms)[0m  [1m[34mSELECT "schema_migrations"."version" FROM "schema_migrations" ORDER BY "schema_migrations"."version" ASC[0m
  ↳ /Users/hiwillowz/.rbenv/versions/2.5.1/bin/rake:23
Migrating to CreateUsers (20181002103449)
  [1m[35m (0.1ms)[0m  [1m[36mbegin transaction[0m
  ↳ /Users/hiwillowz/.rbenv/versions/2.5.1/bin/rake:23
  [1m[35m (0.5ms)[0m  [1m[35mCREATE TABLE "users" ("id" integer PRIMARY KEY AUTOINCREMENT NOT NULL, "name" varchar, "age" integer, "created_at" datetime NOT NULL, "updated_at" datetime NOT NULL)[0m
  ↳ db/migrate/20181002103449_create_users.rb:3
  [1m[36mActiveRecord::SchemaMigration Create (0.2ms)[0m  [1m[32mINSERT INTO "schema_migrations" ("version") VALUES (?)[0m  [["version", "20181002103449"]]
  ↳ /Users/hiwillowz/.rbenv/versions/2.5.1/bin/rake:23
  [1m[35m (1.1ms)[0m  [1m[36mcommit transaction[0m
  ↳ /Users/hiwillowz/.rbenv/versions/2.5.1/bin/rake:23
  [1m[36mActiveRecord::InternalMetadata Load (0.2ms)[0m  [1m[34mSELECT  "ar_internal_metadata".* FROM "ar_internal_metadata" WHERE "ar_internal_metadata"."key" = ? LIMIT ?[0m  [["key", "environment"], ["LIMIT", 1]]
  ↳ /Users/hiwillowz/.rbenv/versions/2.5.1/bin/rake:23
  [1m[35m (0.1ms)[0m  [1m[36mbegin transaction[0m
  ↳ /Users/hiwillowz/.rbenv/versions/2.5.1/bin/rake:23
  [1m[36mActiveRecord::InternalMetadata Create (0.4ms)[0m  [1m[32mINSERT INTO "ar_internal_metadata" ("key", "value", "created_at", "updated_at") VALUES (?, ?, ?, ?)[0m  [["key", "environment"], ["value", "development"], ["created_at", "2018-10-02 10:36:30.424637"], ["updated_at", "2018-10-02 10:36:30.424637"]]
  ↳ /Users/hiwillowz/.rbenv/versions/2.5.1/bin/rake:23
  [1m[35m (0.8ms)[0m  [1m[36mcommit transaction[0m
  ↳ /Users/hiwillowz/.rbenv/versions/2.5.1/bin/rake:23
  [1m[35m (0.2ms)[0m  [1m[34mSELECT "schema_migrations"."version" FROM "schema_migrations" ORDER BY "schema_migrations"."version" ASC[0m
  ↳ /Users/hiwillowz/.rbenv/versions/2.5.1/bin/rake:23
Started GET "/users" for 127.0.0.1 at 2018-10-02 19:40:10 +0900
  [1m[35m (0.1ms)[0m  [1m[34mSELECT "schema_migrations"."version" FROM "schema_migrations" ORDER BY "schema_migrations"."version" ASC[0m
  ↳ /Users/hiwillowz/.rbenv/versions/2.5.1/lib/ruby/gems/2.5.0/gems/activerecord-5.2.1/lib/active_record/log_subscriber.rb:98
Processing by UsersController#index as HTML
  Rendering users/index.html.erb within layouts/application
  Rendered users/index.html.erb within layouts/application (0.7ms)
Completed 200 OK in 174ms (Views: 166.5ms | ActiveRecord: 0.0ms)


Started GET "/users" for 127.0.0.1 at 2018-10-02 19:47:31 +0900
Processing by UsersController#index as HTML
  Rendering users/index.html.erb within layouts/application
  [1m[36mUser Load (0.2ms)[0m  [1m[34mSELECT "users".* FROM "users"[0m
  ↳ app/views/users/index.html.erb:2
  Rendered users/index.html.erb within layouts/application (2.2ms)
Completed 200 OK in 20ms (Views: 15.6ms | ActiveRecord: 0.4ms)


Started GET "/users" for 127.0.0.1 at 2018-10-02 19:47:41 +0900
Processing by UsersController#index as HTML
  Rendering users/index.html.erb within layouts/application
  [1m[36mUser Load (0.2ms)[0m  [1m[34mSELECT "users".* FROM "users"[0m
  ↳ app/views/users/index.html.erb:2
  Rendered users/index.html.erb within layouts/application (1.5ms)
Completed 200 OK in 50ms (Views: 47.1ms | ActiveRecord: 0.2ms)


Started GET "/users/new" for 127.0.0.1 at 2018-10-02 19:47:43 +0900
Processing by UsersController#new as HTML
  Rendering users/new.html.erb within layouts/application
  Rendered users/new.html.erb within layouts/application (11.9ms)
Completed 200 OK in 43ms (Views: 31.1ms | ActiveRecord: 0.5ms)


Started POST "/users" for 127.0.0.1 at 2018-10-02 19:47:54 +0900
Processing by UsersController#create as HTML
  Parameters: {"utf8"=>"✓", "authenticity_token"=>"Xeie58UU7pgcphXpoAVZ0S5w22OMbNeu/JLwOaSvmi7SU/Ro9WM1nDpcb6VA6xq3GKkBEz5v1AYot4S18BRmsg==", "user"=>{"name"=>";;n;", "age"=>"88"}}
  [1m[35m (0.1ms)[0m  [1m[36mbegin transaction[0m
  ↳ app/controllers/users_controller.rb:12
  [1m[36mUser Create (0.6ms)[0m  [1m[32mINSERT INTO "users" ("name", "age", "created_at", "updated_at") VALUES (?, ?, ?, ?)[0m  [["name", ";;n;"], ["age", 88], ["created_at", "2018-10-02 10:47:54.082309"], ["updated_at", "2018-10-02 10:47:54.082309"]]
  ↳ app/controllers/users_controller.rb:12
  [1m[35m (1.0ms)[0m  [1m[36mcommit transaction[0m
  ↳ app/controllers/users_controller.rb:12
  Rendering users/create.html.erb within layouts/application
  Rendered users/create.html.erb within layouts/application (0.4ms)
Completed 200 OK in 26ms (Views: 17.7ms | ActiveRecord: 1.7ms)


Started GET "/users" for 127.0.0.1 at 2018-10-02 19:47:55 +0900
Processing by UsersController#index as HTML
  Rendering users/index.html.erb within layouts/application
  [1m[36mUser Load (0.3ms)[0m  [1m[34mSELECT "users".* FROM "users"[0m
  ↳ app/views/users/index.html.erb:2
  Rendered users/index.html.erb within layouts/application (4.0ms)
Completed 200 OK in 25ms (Views: 21.3ms | ActiveRecord: 0.3ms)


Started GET "/users/new" for 127.0.0.1 at 2018-10-02 19:47:57 +0900
Processing by UsersController#new as HTML
  Rendering users/new.html.erb within layouts/application
  Rendered users/new.html.erb within layouts/application (1.3ms)
Completed 200 OK in 23ms (Views: 19.8ms | ActiveRecord: 0.0ms)


Started GET "/users/new" for 127.0.0.1 at 2018-10-02 20:01:58 +0900
  
SyntaxError (/Users/hiwillowz/Portfolio/WebApp/app/controllers/users_controller.rb:36: syntax error, unexpected end-of-input, expecting keyword_end):
  
app/controllers/users_controller.rb:36: syntax error, unexpected end-of-input, expecting keyword_end
Started GET "/users/new" for 127.0.0.1 at 2018-10-02 20:02:27 +0900
  
SyntaxError (/Users/hiwillowz/Portfolio/WebApp/app/controllers/users_controller.rb:34: syntax error, unexpected end-of-input, expecting keyword_end):
  
app/controllers/users_controller.rb:34: syntax error, unexpected end-of-input, expecting keyword_end
Started GET "/users/new" for 127.0.0.1 at 2018-10-02 20:02:48 +0900
  
SyntaxError (/Users/hiwillowz/Portfolio/WebApp/app/controllers/users_controller.rb:32: syntax error, unexpected end-of-input, expecting keyword_end
  end
     ^):
  
app/controllers/users_controller.rb:32: syntax error, unexpected end-of-input, expecting keyword_end
Started GET "/users/new" for 127.0.0.1 at 2018-10-02 20:03:07 +0900
Processing by UsersController#new as HTML
  Rendering users/new.html.erb within layouts/application
  Rendered users/new.html.erb within layouts/application (0.9ms)
Completed 200 OK in 25ms (Views: 17.7ms | ActiveRecord: 0.5ms)


Started GET "/users/new" for 127.0.0.1 at 2018-10-02 20:03:15 +0900
Processing by UsersController#new as HTML
  Rendering users/new.html.erb within layouts/application
  Rendered users/new.html.erb within layouts/application (1.1ms)
Completed 200 OK in 24ms (Views: 17.3ms | ActiveRecord: 0.5ms)


Started POST "/users" for 127.0.0.1 at 2018-10-02 20:03:21 +0900
Processing by UsersController#create as HTML
  Parameters: {"utf8"=>"✓", "authenticity_token"=>"CXiQOPKMM/Ht1fLSSOlfezvMoaskgdCCuA1JGSlHi7sPllTprFZgNuB+vjYyMWK/JdcZ9oyczl/DkmufKln+kg==", "user"=>{"name"=>"yrtu", "age"=>"33333333"}}
Completed 500 Internal Server Error in 125ms (ActiveRecord: 0.0ms)


  
NameError (undefined local variable or method `user_params' for #<UsersController:0x00007fb7f9ba8930>
Did you mean?  user_path):
  
app/controllers/users_controller.rb:12:in `create'
Started POST "/users" for 127.0.0.1 at 2018-10-02 20:07:03 +0900
Processing by UsersController#create as HTML
  Parameters: {"utf8"=>"✓", "authenticity_token"=>"CXiQOPKMM/Ht1fLSSOlfezvMoaskgdCCuA1JGSlHi7sPllTprFZgNuB+vjYyMWK/JdcZ9oyczl/DkmufKln+kg==", "user"=>{"name"=>"yrtu", "age"=>"33333333"}}
Completed 500 Internal Server Error in 142ms (ActiveRecord: 0.0ms)


  
NameError (undefined local variable or method `user_params' for #<UsersController:0x00007fb7fa605bd0>
Did you mean?  user_path):
  
app/controllers/users_controller.rb:12:in `create'
Started POST "/users" for 127.0.0.1 at 2018-10-02 20:07:22 +0900
Processing by UsersController#create as HTML
  Parameters: {"utf8"=>"✓", "authenticity_token"=>"CXiQOPKMM/Ht1fLSSOlfezvMoaskgdCCuA1JGSlHi7sPllTprFZgNuB+vjYyMWK/JdcZ9oyczl/DkmufKln+kg==", "user"=>{"name"=>"yrtu", "age"=>"33333333"}}
  [1m[35m (0.0ms)[0m  [1m[36mbegin transaction[0m
  ↳ app/controllers/users_controller.rb:12
  [1m[36mUser Create (0.5ms)[0m  [1m[32mINSERT INTO "users" ("created_at", "updated_at") VALUES (?, ?)[0m  [["created_at", "2018-10-02 11:07:22.783529"], ["updated_at", "2018-10-02 11:07:22.783529"]]
  ↳ app/controllers/users_controller.rb:12
  [1m[35m (1.7ms)[0m  [1m[36mcommit transaction[0m
  ↳ app/controllers/users_controller.rb:12
  Rendering users/create.html.erb within layouts/application
  Rendered users/create.html.erb within layouts/application (0.4ms)
Completed 200 OK in 29ms (Views: 16.5ms | ActiveRecord: 2.8ms)


Started GET "/users" for 127.0.0.1 at 2018-10-02 20:07:24 +0900
Processing by UsersController#index as HTML
  Rendering users/index.html.erb within layouts/application
  [1m[36mUser Load (0.2ms)[0m  [1m[34mSELECT "users".* FROM "users"[0m
  ↳ app/views/users/index.html.erb:2
  Rendered users/index.html.erb within layouts/application (1.5ms)
Completed 200 OK in 24ms (Views: 20.1ms | ActiveRecord: 0.2ms)


Started GET "/users/1/edit" for 127.0.0.1 at 2018-10-02 20:07:27 +0900
Processing by UsersController#edit as HTML
  Parameters: {"authenticity_token"=>"vOCdfz+gBaZVAAQypSa/Ta/h8pWYiOnXaZeRYRqEPRm6DlmuYXpWYVirSNbf/oKJsfpKyDCV9woSCLPnGZpIMA==", "id"=>"1"}
  [1m[36mUser Load (0.2ms)[0m  [1m[34mSELECT  "users".* FROM "users" WHERE "users"."id" = ? LIMIT ?[0m  [["id", 1], ["LIMIT", 1]]
  ↳ app/controllers/users_controller.rb:16
  Rendering users/edit.html.erb within layouts/application
  Rendered users/edit.html.erb within layouts/application (0.9ms)
Completed 200 OK in 23ms (Views: 17.2ms | ActiveRecord: 0.2ms)


Started PATCH "/users/1" for 127.0.0.1 at 2018-10-02 20:07:29 +0900
Processing by UsersController#update as HTML
  Parameters: {"utf8"=>"✓", "authenticity_token"=>"34MGAY0nUO84yanU/1AXE1LTP/GHv0uxXFR15u90MSjZbcLQ0/0DKDVi5TCFiCrXTMiHrC+iVWwny1dg7GpEAQ==", "user"=>{"name"=>";;n;", "age"=>"88"}, "id"=>"1"}
  [1m[36mUser Load (0.2ms)[0m  [1m[34mSELECT  "users".* FROM "users" WHERE "users"."id" = ? LIMIT ?[0m  [["id", 1], ["LIMIT", 1]]
  ↳ app/controllers/users_controller.rb:20
Completed 500 Internal Server Error in 161ms (ActiveRecord: 0.2ms)


  
NameError (undefined local variable or method `user_params' for #<UsersController:0x00007fb7f5567e30>
Did you mean?  user_path):
  
app/controllers/users_controller.rb:21:in `update'
Started PATCH "/users/1" for 127.0.0.1 at 2018-10-02 20:09:34 +0900
Processing by UsersController#update as HTML
  Parameters: {"utf8"=>"✓", "authenticity_token"=>"34MGAY0nUO84yanU/1AXE1LTP/GHv0uxXFR15u90MSjZbcLQ0/0DKDVi5TCFiCrXTMiHrC+iVWwny1dg7GpEAQ==", "user"=>{"name"=>";;n;", "age"=>"88"}, "id"=>"1"}
  [1m[36mUser Load (0.4ms)[0m  [1m[34mSELECT  "users".* FROM "users" WHERE "users"."id" = ? LIMIT ?[0m  [["id", 1], ["LIMIT", 1]]
  ↳ app/controllers/users_controller.rb:20
Completed 500 Internal Server Error in 107ms (ActiveRecord: 0.4ms)


  
NameError (undefined local variable or method `user_params' for #<UsersController:0x00007fb7fa779cc8>
Did you mean?  user_path):
  
app/controllers/users_controller.rb:21:in `update'
Started PATCH "/users/1" for 127.0.0.1 at 2018-10-02 20:09:48 +0900
Processing by UsersController#update as HTML
  Parameters: {"utf8"=>"✓", "authenticity_token"=>"34MGAY0nUO84yanU/1AXE1LTP/GHv0uxXFR15u90MSjZbcLQ0/0DKDVi5TCFiCrXTMiHrC+iVWwny1dg7GpEAQ==", "user"=>{"name"=>";;n;", "age"=>"88"}, "id"=>"1"}
  [1m[36mUser Load (0.2ms)[0m  [1m[34mSELECT  "users".* FROM "users" WHERE "users"."id" = ? LIMIT ?[0m  [["id", 1], ["LIMIT", 1]]
  ↳ app/controllers/users_controller.rb:20
Completed 500 Internal Server Error in 8ms (ActiveRecord: 0.8ms)


  
ArgumentError (wrong number of arguments (given 0, expected 1)):
  
app/controllers/users_controller.rb:21:in `update'
Started PATCH "/users/1" for 127.0.0.1 at 2018-10-02 20:10:11 +0900
Processing by UsersController#update as HTML
  Parameters: {"utf8"=>"✓", "authenticity_token"=>"34MGAY0nUO84yanU/1AXE1LTP/GHv0uxXFR15u90MSjZbcLQ0/0DKDVi5TCFiCrXTMiHrC+iVWwny1dg7GpEAQ==", "user"=>{"name"=>";;n;", "age"=>"88"}, "id"=>"1"}
  [1m[36mUser Load (0.1ms)[0m  [1m[34mSELECT  "users".* FROM "users" WHERE "users"."id" = ? LIMIT ?[0m  [["id", 1], ["LIMIT", 1]]
  ↳ app/controllers/users_controller.rb:20
Completed 500 Internal Server Error in 130ms (ActiveRecord: 0.6ms)


  
NameError (undefined local variable or method `user_params' for #<UsersController:0x00007fb7fa7c8fd0>
Did you mean?  user_path):
  
app/controllers/users_controller.rb:21:in `update'
Started POST "/__web_console/repl_sessions/ab36e0b29e79f34d265c56d99ee64d5e/trace" for 127.0.0.1 at 2018-10-02 20:10:27 +0900
Started POST "/__web_console/repl_sessions/ab36e0b29e79f34d265c56d99ee64d5e/trace" for 127.0.0.1 at 2018-10-02 20:10:30 +0900
Started POST "/__web_console/repl_sessions/ab36e0b29e79f34d265c56d99ee64d5e/trace" for 127.0.0.1 at 2018-10-02 20:10:31 +0900
Started POST "/__web_console/repl_sessions/ab36e0b29e79f34d265c56d99ee64d5e/trace" for 127.0.0.1 at 2018-10-02 20:10:31 +0900
Started POST "/__web_console/repl_sessions/ab36e0b29e79f34d265c56d99ee64d5e/trace" for 127.0.0.1 at 2018-10-02 20:10:32 +0900
Started POST "/__web_console/repl_sessions/ab36e0b29e79f34d265c56d99ee64d5e/trace" for 127.0.0.1 at 2018-10-02 20:10:32 +0900
Started POST "/__web_console/repl_sessions/ab36e0b29e79f34d265c56d99ee64d5e/trace" for 127.0.0.1 at 2018-10-02 20:10:37 +0900
Started PATCH "/users/1" for 127.0.0.1 at 2018-10-02 20:11:06 +0900
Processing by UsersController#update as HTML
  Parameters: {"utf8"=>"✓", "authenticity_token"=>"34MGAY0nUO84yanU/1AXE1LTP/GHv0uxXFR15u90MSjZbcLQ0/0DKDVi5TCFiCrXTMiHrC+iVWwny1dg7GpEAQ==", "user"=>{"name"=>";;n;", "age"=>"88"}, "id"=>"1"}
  [1m[36mUser Load (0.1ms)[0m  [1m[34mSELECT  "users".* FROM "users" WHERE "users"."id" = ? LIMIT ?[0m  [["id", 1], ["LIMIT", 1]]
  ↳ app/controllers/users_controller.rb:20
Completed 500 Internal Server Error in 111ms (ActiveRecord: 0.6ms)


  
NameError (undefined local variable or method `user_params' for #<UsersController:0x00007fb7fa6187d0>
Did you mean?  users_path):
  
app/controllers/users_controller.rb:21:in `update'
Started PATCH "/users/1" for 127.0.0.1 at 2018-10-02 20:14:44 +0900
Processing by UsersController#update as HTML
  Parameters: {"utf8"=>"✓", "authenticity_token"=>"34MGAY0nUO84yanU/1AXE1LTP/GHv0uxXFR15u90MSjZbcLQ0/0DKDVi5TCFiCrXTMiHrC+iVWwny1dg7GpEAQ==", "user"=>{"name"=>";;n;", "age"=>"88"}, "id"=>"1"}
  [1m[36mUser Load (0.1ms)[0m  [1m[34mSELECT  "users".* FROM "users" WHERE "users"."id" = ? LIMIT ?[0m  [["id", 1], ["LIMIT", 1]]
  ↳ app/controllers/users_controller.rb:20
Completed 500 Internal Server Error in 112ms (ActiveRecord: 0.9ms)


  
NameError (undefined local variable or method `user_params' for #<UsersController:0x00007fb7f6d1d098>
Did you mean?  user_path):
  
app/controllers/users_controller.rb:21:in `update'
Started PATCH "/users/1" for 127.0.0.1 at 2018-10-03 00:48:51 +0900
Processing by UsersController#update as HTML
  Parameters: {"utf8"=>"✓", "authenticity_token"=>"34MGAY0nUO84yanU/1AXE1LTP/GHv0uxXFR15u90MSjZbcLQ0/0DKDVi5TCFiCrXTMiHrC+iVWwny1dg7GpEAQ==", "user"=>{"name"=>";;n;", "age"=>"88"}, "id"=>"1"}
  [1m[36mUser Load (0.1ms)[0m  [1m[34mSELECT  "users".* FROM "users" WHERE "users"."id" = ? LIMIT ?[0m  [["id", 1], ["LIMIT", 1]]
  ↳ app/controllers/users_controller.rb:21
  [1m[35m (0.1ms)[0m  [1m[36mbegin transaction[0m
  ↳ app/controllers/users_controller.rb:22
  [1m[35m (0.1ms)[0m  [1m[36mcommit transaction[0m
  ↳ app/controllers/users_controller.rb:22
  Rendering users/update.html.erb within layouts/application
  Rendered users/update.html.erb within layouts/application (0.3ms)
Completed 200 OK in 28ms (Views: 17.9ms | ActiveRecord: 0.8ms)


Started GET "/users" for 127.0.0.1 at 2018-10-03 00:48:53 +0900
Processing by UsersController#index as HTML
  Rendering users/index.html.erb within layouts/application
  [1m[36mUser Load (0.3ms)[0m  [1m[34mSELECT "users".* FROM "users"[0m
  ↳ app/views/users/index.html.erb:2
  Rendered users/index.html.erb within layouts/application (1.6ms)
Completed 200 OK in 31ms (Views: 18.5ms | ActiveRecord: 0.3ms)


Started GET "/users/new" for 127.0.0.1 at 2018-10-03 00:48:54 +0900
Processing by UsersController#new as HTML
  Rendering users/new.html.erb within layouts/application
  Rendered users/new.html.erb within layouts/application (1.4ms)
Completed 200 OK in 25ms (Views: 20.5ms | ActiveRecord: 0.0ms)


Started POST "/users" for 127.0.0.1 at 2018-10-03 00:49:00 +0900
Processing by UsersController#create as HTML
  Parameters: {"utf8"=>"✓", "authenticity_token"=>"9r9WqUURzXzNeY0RwLoYRmHHMwbOH9bLqQ1LZeVMGlt5BDwmdWYWeOuD910gVFsgVx7pdnwc1WN9KD/psffmxw==", "user"=>{"name"=>"pjjo", "age"=>"88"}}
  [1m[35m (0.1ms)[0m  [1m[36mbegin transaction[0m
  ↳ app/controllers/users_controller.rb:12
  [1m[36mUser Create (0.6ms)[0m  [1m[32mINSERT INTO "users" ("name", "age", "created_at", "updated_at") VALUES (?, ?, ?, ?)[0m  [["name", "pjjo"], ["age", 88], ["created_at", "2018-10-02 15:49:00.311485"], ["updated_at", "2018-10-02 15:49:00.311485"]]
  ↳ app/controllers/users_controller.rb:12
  [1m[35m (2.0ms)[0m  [1m[36mcommit transaction[0m
  ↳ app/controllers/users_controller.rb:12
  Rendering users/create.html.erb within layouts/application
  Rendered users/create.html.erb within layouts/application (0.5ms)
Completed 200 OK in 37ms (Views: 27.8ms | ActiveRecord: 2.7ms)


Started GET "/users" for 127.0.0.1 at 2018-10-03 00:49:01 +0900
Processing by UsersController#index as HTML
  Rendering users/index.html.erb within layouts/application
  [1m[36mUser Load (0.2ms)[0m  [1m[34mSELECT "users".* FROM "users"[0m
  ↳ app/views/users/index.html.erb:2
  Rendered users/index.html.erb within layouts/application (1.5ms)
Completed 200 OK in 21ms (Views: 16.7ms | ActiveRecord: 0.2ms)


Started DELETE "/users/2" for 127.0.0.1 at 2018-10-03 00:49:03 +0900
Processing by UsersController#destroy as HTML
  Parameters: {"authenticity_token"=>"+dIvoUytExiV2C7htb4nlawIbn+9o0J5fGpw5kZ8nyf/POtwEndA35hzYgXPZhpRshPWIhW+XKQH9VJgRWLqDg==", "id"=>"2"}
  [1m[36mUser Load (0.2ms)[0m  [1m[34mSELECT  "users".* FROM "users" WHERE "users"."id" = ? LIMIT ?[0m  [["id", 2], ["LIMIT", 1]]
  ↳ app/controllers/users_controller.rb:26
  [1m[35m (0.1ms)[0m  [1m[36mbegin transaction[0m
  ↳ app/controllers/users_controller.rb:27
  [1m[36mUser Destroy (0.3ms)[0m  [1m[31mDELETE FROM "users" WHERE "users"."id" = ?[0m  [["id", 2]]
  ↳ app/controllers/users_controller.rb:27
  [1m[35m (2.4ms)[0m  [1m[36mcommit transaction[0m
  ↳ app/controllers/users_controller.rb:27
  Rendering users/destroy.html.erb within layouts/application
  Rendered users/destroy.html.erb within layouts/application (0.4ms)
Completed 200 OK in 31ms (Views: 22.1ms | ActiveRecord: 3.0ms)


Started GET "/users" for 127.0.0.1 at 2018-10-03 00:49:04 +0900
Processing by UsersController#index as HTML
  Rendering users/index.html.erb within layouts/application
  [1m[36mUser Load (0.2ms)[0m  [1m[34mSELECT "users".* FROM "users"[0m
  ↳ app/views/users/index.html.erb:2
  Rendered users/index.html.erb within layouts/application (1.6ms)
Completed 200 OK in 25ms (Views: 20.7ms | ActiveRecord: 0.2ms)


Started GET "/users/new" for 127.0.0.1 at 2018-10-03 00:50:22 +0900
Processing by UsersController#new as HTML
  Rendering users/new.html.erb within layouts/application
  Rendered users/new.html.erb within layouts/application (1.4ms)
Completed 200 OK in 23ms (Views: 16.6ms | ActiveRecord: 0.5ms)


Started GET "/users" for 127.0.0.1 at 2018-10-03 00:50:45 +0900
Processing by UsersController#index as HTML
  Rendering users/index.html.erb within layouts/application
  [1m[36mUser Load (0.2ms)[0m  [1m[34mSELECT "users".* FROM "users"[0m
  ↳ app/views/users/index.html.erb:2
  Rendered users/index.html.erb within layouts/application (1.8ms)
Completed 200 OK in 22ms (Views: 18.8ms | ActiveRecord: 0.2ms)


Started GET "/users/new" for 127.0.0.1 at 2018-10-03 00:50:47 +0900
Processing by UsersController#new as HTML
  Rendering users/new.html.erb within layouts/application
  Rendered users/new.html.erb within layouts/application (1.3ms)
Completed 200 OK in 24ms (Views: 20.2ms | ActiveRecord: 0.0ms)


Started POST "/users" for 127.0.0.1 at 2018-10-03 00:50:54 +0900
Processing by UsersController#create as HTML
  Parameters: {"utf8"=>"✓", "authenticity_token"=>"zmLWZSFnBs17uOoMxuGgcL66rO5taBI+BAjp37sVg1dB2bzqERDdyV1CkEAmD+MWiGN2nt9rEZbQLZ1T765/yw==", "user"=>{"name"=>"mmm", "age"=>"000"}}
  [1m[35m (0.1ms)[0m  [1m[36mbegin transaction[0m
  ↳ app/controllers/users_controller.rb:12
  [1m[36mUser Create (0.4ms)[0m  [1m[32mINSERT INTO "users" ("name", "age", "created_at", "updated_at") VALUES (?, ?, ?, ?)[0m  [["name", "mmm"], ["age", 0], ["created_at", "2018-10-02 15:50:54.643355"], ["updated_at", "2018-10-02 15:50:54.643355"]]
  ↳ app/controllers/users_controller.rb:12
  [1m[35m (1.1ms)[0m  [1m[36mcommit transaction[0m
  ↳ app/controllers/users_controller.rb:12
  Rendering users/create.html.erb within layouts/application
  Rendered users/create.html.erb within layouts/application (0.5ms)
Completed 200 OK in 37ms (Views: 27.8ms | ActiveRecord: 1.6ms)


Started GET "/users" for 127.0.0.1 at 2018-10-03 00:50:55 +0900
Processing by UsersController#index as HTML
  Rendering users/index.html.erb within layouts/application
  [1m[36mUser Load (0.2ms)[0m  [1m[34mSELECT "users".* FROM "users"[0m
  ↳ app/views/users/index.html.erb:2
  Rendered users/index.html.erb within layouts/application (1.3ms)
Completed 200 OK in 22ms (Views: 18.3ms | ActiveRecord: 0.2ms)


Started GET "/users/new" for 127.0.0.1 at 2018-10-03 00:51:00 +0900
Processing by UsersController#new as HTML
  Rendering users/new.html.erb within layouts/application
  Rendered users/new.html.erb within layouts/application (1.4ms)
Completed 200 OK in 25ms (Views: 20.8ms | ActiveRecord: 0.0ms)


Started POST "/users" for 127.0.0.1 at 2018-10-03 02:58:21 +0900
Processing by UsersController#create as HTML
  Parameters: {"utf8"=>"✓", "authenticity_token"=>"nJL+rf5jyjvE4+rIEctk/AAFoqB/tFGCoI944OomkpUTKZQizhQRP+IZkITxJSeaNtx40M23Uip0qgxsvp1uCQ==", "user"=>{"name"=>"bbbb", "age"=>"88"}}
  [1m[35m (0.1ms)[0m  [1m[36mbegin transaction[0m
  ↳ app/controllers/users_controller.rb:12
  [1m[36mUser Create (0.5ms)[0m  [1m[32mINSERT INTO "users" ("name", "age", "created_at", "updated_at") VALUES (?, ?, ?, ?)[0m  [["name", "bbbb"], ["age", 88], ["created_at", "2018-10-02 17:58:21.428315"], ["updated_at", "2018-10-02 17:58:21.428315"]]
  ↳ app/controllers/users_controller.rb:12
  [1m[35m (1.6ms)[0m  [1m[36mcommit transaction[0m
  ↳ app/controllers/users_controller.rb:12
  Rendering users/create.html.erb within layouts/application
  Rendered users/create.html.erb within layouts/application (0.4ms)
Completed 200 OK in 31ms (Views: 22.0ms | ActiveRecord: 2.3ms)


Started GET "/users" for 127.0.0.1 at 2018-10-03 02:58:22 +0900
Processing by UsersController#index as HTML
  Rendering users/index.html.erb within layouts/application
  [1m[36mUser Load (0.2ms)[0m  [1m[34mSELECT "users".* FROM "users"[0m
  ↳ app/views/users/index.html.erb:2
  Rendered users/index.html.erb within layouts/application (2.1ms)
Completed 200 OK in 31ms (Views: 26.3ms | ActiveRecord: 0.2ms)


Started GET "/users" for 127.0.0.1 at 2018-10-04 02:26:54 +0900
Processing by UsersController#index as HTML
  Rendering users/index.html.erb within layouts/application
  [1m[36mUser Load (0.2ms)[0m  [1m[34mSELECT "users".* FROM "users"[0m
  ↳ app/views/users/index.html.erb:2
  Rendered users/index.html.erb within layouts/application (1.5ms)
Completed 200 OK in 35ms (Views: 32.2ms | ActiveRecord: 0.2ms)


Started GET "/users/new" for 127.0.0.1 at 2018-10-04 02:26:55 +0900
Processing by UsersController#new as HTML
  Rendering users/new.html.erb within layouts/application
  Rendered users/new.html.erb within layouts/application (1.5ms)
Completed 200 OK in 32ms (Views: 27.4ms | ActiveRecord: 0.0ms)


Started POST "/users" for 127.0.0.1 at 2018-10-04 02:26:59 +0900
Processing by UsersController#create as HTML
  Parameters: {"utf8"=>"✓", "authenticity_token"=>"xJ9JbE5bo56daafdPYwLPryrnDdit17Z74U6jF8LMldLJCPjfix4mruT3ZHdYkhYinJGR9C0XXE7oE4AC7DOyw==", "user"=>{"name"=>"ww", "age"=>"88"}}
  [1m[35m (0.1ms)[0m  [1m[36mbegin transaction[0m
  ↳ app/controllers/users_controller.rb:12
  [1m[36mUser Create (0.5ms)[0m  [1m[32mINSERT INTO "users" ("name", "age", "created_at", "updated_at") VALUES (?, ?, ?, ?)[0m  [["name", "ww"], ["age", 88], ["created_at", "2018-10-03 17:26:59.715362"], ["updated_at", "2018-10-03 17:26:59.715362"]]
  ↳ app/controllers/users_controller.rb:12
  [1m[35m (1.2ms)[0m  [1m[36mcommit transaction[0m
  ↳ app/controllers/users_controller.rb:12
  Rendering users/create.html.erb within layouts/application
  Rendered users/create.html.erb within layouts/application (0.4ms)
Completed 200 OK in 25ms (Views: 17.7ms | ActiveRecord: 1.8ms)


Started GET "/users" for 127.0.0.1 at 2018-10-04 02:27:01 +0900
Processing by UsersController#index as HTML
  Rendering users/index.html.erb within layouts/application
  [1m[36mUser Load (0.2ms)[0m  [1m[34mSELECT "users".* FROM "users"[0m
  ↳ app/views/users/index.html.erb:2
  Rendered users/index.html.erb within layouts/application (2.2ms)
Completed 200 OK in 21ms (Views: 17.3ms | ActiveRecord: 0.2ms)


Started DELETE "/users/4" for 127.0.0.1 at 2018-10-04 02:27:04 +0900
Processing by UsersController#destroy as HTML
  Parameters: {"authenticity_token"=>"HdS0adD1zAUk3F7MOeP6Lpsgo59ehzyNzzsXocIqgOAbOnC4ji+fwil3EihDO8fqhTsbwvaaIlC0pDUnwTT1yQ==", "id"=>"4"}
  [1m[36mUser Load (0.3ms)[0m  [1m[34mSELECT  "users".* FROM "users" WHERE "users"."id" = ? LIMIT ?[0m  [["id", 4], ["LIMIT", 1]]
  ↳ app/controllers/users_controller.rb:25
  [1m[35m (0.1ms)[0m  [1m[36mbegin transaction[0m
  ↳ app/controllers/users_controller.rb:26
  [1m[36mUser Destroy (0.5ms)[0m  [1m[31mDELETE FROM "users" WHERE "users"."id" = ?[0m  [["id", 4]]
  ↳ app/controllers/users_controller.rb:26
  [1m[35m (2.4ms)[0m  [1m[36mcommit transaction[0m
  ↳ app/controllers/users_controller.rb:26
  Rendering users/destroy.html.erb within layouts/application
  Rendered users/destroy.html.erb within layouts/application (0.5ms)
Completed 200 OK in 36ms (Views: 26.6ms | ActiveRecord: 3.3ms)


Started GET "/users" for 127.0.0.1 at 2018-10-04 02:27:05 +0900
Processing by UsersController#index as HTML
  Rendering users/index.html.erb within layouts/application
  [1m[36mUser Load (0.3ms)[0m  [1m[34mSELECT "users".* FROM "users"[0m
  ↳ app/views/users/index.html.erb:2
  Rendered users/index.html.erb within layouts/application (2.7ms)
Completed 200 OK in 25ms (Views: 20.9ms | ActiveRecord: 0.3ms)


Started GET "/users/6/edit" for 127.0.0.1 at 2018-10-04 02:27:07 +0900
Processing by UsersController#edit as HTML
  Parameters: {"authenticity_token"=>"4IaUlDRuNR3eKVHVnjWSlsmoNU1+3DGuChYeVdKNYnbmaFBFarRm2tOCHTHk7a9S17ONENbBL3NxiTzT0ZMXXw==", "id"=>"6"}
  [1m[36mUser Load (0.2ms)[0m  [1m[34mSELECT  "users".* FROM "users" WHERE "users"."id" = ? LIMIT ?[0m  [["id", 6], ["LIMIT", 1]]
  ↳ app/controllers/users_controller.rb:16
  Rendering users/edit.html.erb within layouts/application
  Rendered users/edit.html.erb within layouts/application (0.8ms)
Completed 200 OK in 20ms (Views: 16.4ms | ActiveRecord: 0.2ms)


Started PATCH "/users/6" for 127.0.0.1 at 2018-10-04 02:27:12 +0900
Processing by UsersController#update as HTML
  Parameters: {"utf8"=>"✓", "authenticity_token"=>"HeBRZ8ClPEd+tziEwmySiX6uJKnS7l7ILKNNKStH6GMbDpW2nn9vgHMcdGC4tK9NYLWc9HrzQBVXPG+vKFmdSg==", "user"=>{"name"=>"ww", "age"=>"000"}, "id"=>"6"}
  [1m[36mUser Load (0.1ms)[0m  [1m[34mSELECT  "users".* FROM "users" WHERE "users"."id" = ? LIMIT ?[0m  [["id", 6], ["LIMIT", 1]]
  ↳ app/controllers/users_controller.rb:20
  [1m[35m (0.1ms)[0m  [1m[36mbegin transaction[0m
  ↳ app/controllers/users_controller.rb:21
  [1m[36mUser Update (0.5ms)[0m  [1m[33mUPDATE "users" SET "age" = ?, "updated_at" = ? WHERE "users"."id" = ?[0m  [["age", 0], ["updated_at", "2018-10-03 17:27:12.281471"], ["id", 6]]
  ↳ app/controllers/users_controller.rb:21
  [1m[35m (1.0ms)[0m  [1m[36mcommit transaction[0m
  ↳ app/controllers/users_controller.rb:21
  Rendering users/update.html.erb within layouts/application
  Rendered users/update.html.erb within layouts/application (0.4ms)
Completed 200 OK in 29ms (Views: 21.0ms | ActiveRecord: 1.7ms)


Started GET "/users" for 127.0.0.1 at 2018-10-04 02:27:13 +0900
Processing by UsersController#index as HTML
  Rendering users/index.html.erb within layouts/application
  [1m[36mUser Load (0.3ms)[0m  [1m[34mSELECT "users".* FROM "users"[0m
  ↳ app/views/users/index.html.erb:2
  Rendered users/index.html.erb within layouts/application (2.5ms)
Completed 200 OK in 25ms (Views: 21.0ms | ActiveRecord: 0.3ms)


Started GET "/users/6/edit" for 127.0.0.1 at 2018-10-04 02:27:20 +0900
Processing by UsersController#edit as HTML
  Parameters: {"authenticity_token"=>"QkLBqUCtiIhxYbFALg/bMZd7zzMgg28YkmYjRLs+bEVErAV4HnfbT3zK/aRU1+b1iWB3boieccXp+QHCuCAZbA==", "id"=>"6"}
  [1m[36mUser Load (0.2ms)[0m  [1m[34mSELECT  "users".* FROM "users" WHERE "users"."id" = ? LIMIT ?[0m  [["id", 6], ["LIMIT", 1]]
  ↳ app/controllers/users_controller.rb:16
  Rendering users/edit.html.erb within layouts/application
  Rendered users/edit.html.erb within layouts/application (1.0ms)
Completed 200 OK in 25ms (Views: 19.2ms | ActiveRecord: 0.2ms)


Started PATCH "/users/6" for 127.0.0.1 at 2018-10-04 02:27:26 +0900
Processing by UsersController#update as HTML
  Parameters: {"utf8"=>"✓", "authenticity_token"=>"TyC5HxQ41cXrLjvWqZdrWVVF1F9dfukZhObbudkt4PxJzn3OSuKGAuaFdzLTT1adS15sAvVj98T/efk/2jOV1Q==", "user"=>{"name"=>"ww", "age"=>"0595804"}, "id"=>"6"}
  [1m[36mUser Load (0.2ms)[0m  [1m[34mSELECT  "users".* FROM "users" WHERE "users"."id" = ? LIMIT ?[0m  [["id", 6], ["LIMIT", 1]]
  ↳ app/controllers/users_controller.rb:20
  [1m[35m (0.2ms)[0m  [1m[36mbegin transaction[0m
  ↳ app/controllers/users_controller.rb:21
  [1m[36mUser Update (0.5ms)[0m  [1m[33mUPDATE "users" SET "age" = ?, "updated_at" = ? WHERE "users"."id" = ?[0m  [["age", 595804], ["updated_at", "2018-10-03 17:27:26.694094"], ["id", 6]]
  ↳ app/controllers/users_controller.rb:21
  [1m[35m (2.7ms)[0m  [1m[36mcommit transaction[0m
  ↳ app/controllers/users_controller.rb:21
  Rendering users/update.html.erb within layouts/application
  Rendered users/update.html.erb within layouts/application (0.4ms)
Completed 200 OK in 38ms (Views: 27.4ms | ActiveRecord: 3.5ms)


Started GET "/users" for 127.0.0.1 at 2018-10-04 02:27:27 +0900
Processing by UsersController#index as HTML
  Rendering users/index.html.erb within layouts/application
  [1m[36mUser Load (0.2ms)[0m  [1m[34mSELECT "users".* FROM "users"[0m
  ↳ app/views/users/index.html.erb:2
  Rendered users/index.html.erb within layouts/application (2.6ms)
Completed 200 OK in 28ms (Views: 24.2ms | ActiveRecord: 0.2ms)


